build/app/outputs/mapping/release/usage.txt
pucminas.br.racha_conta.R$mipmap
pucminas.br.racha_conta.R$integer
pucminas.br.racha_conta.R$dimen
pucminas.br.racha_conta.R$layout
pucminas.br.racha_conta.R$style
pucminas.br.racha_conta.BuildConfig
pucminas.br.racha_conta.R$color
pucminas.br.racha_conta.R$id
pucminas.br.racha_conta.R$attr
pucminas.br.racha_conta.R$string
pucminas.br.racha_conta.R$styleable
pucminas.br.racha_conta.R$drawable
pucminas.br.racha_conta.R
...
kotlin.text.StringsKt___StringsKt$windowed$1
androidx.core.app.NotificationManagerCompat$SideChannelManager
kotlin.jvm.functions.Function22
kotlin.coroutines.experimental.intrinsics.IntrinsicsKt__IntrinsicsJvmKt$createCoroutineUnchecked$$inlined$buildContinuationByInvokeCall$IntrinsicsKt__IntrinsicsJvmKt$1
androidx.annotation.FloatRange
kotlin.jvm.internal.FunctionBase
androidx.core.app.DialogCompat
androidx.core.view.MenuItemCompat$1
androidx.core.view.ViewPropertyAnimatorCompat
androidx.core.content.res.ComplexColorCompat
kotlin.sequences.TakeWhileSequence$iterator$1
kotlin.jvm.internal.CollectionToArray
kotlin.internal.PureReifiable
androidx.fragment.app.FragmentTabHost
kotlin.reflect.KProperty0$Getter
io.flutter.view.FlutterView$2
kotlin.text.StringsKt__StringsJVMKt
io.flutter.embedding.engine.plugins.broadcastreceiver.BroadcastReceiverControlSurface
kotlin.jvm.internal.Ref$FloatRef
io.flutter.embedding.engine.renderer.FlutterRenderer:
    public android.graphics.Bitmap getBitmap()
    public void setAccessibilityFeatures(int)
    public void dispatchSemanticsAction(int,int,java.nio.ByteBuffer,int)
    private static final java.lang.String TAG
androidx.core.view.ViewCompat$4
androidx.arch.core.internal.FastSafeIterableMap:
    public java.lang.Object putIfAbsent(java.lang.Object,java.lang.Object)
    public java.util.Map$Entry ceil(java.lang.Object)
androidx.fragment.app.FragmentManagerImpl$2
kotlin.text.MatchResult
androidx.viewpager.widget.ViewPager$ViewPositionComparator
kotlin.jvm.internal.ShortCompanionObject
kotlin.ranges.ULongRange$Companion
androidx.core.content.pm.PackageInfoCompat
kotlin.sequences.GeneratorSequence
kotlin.sequences.SequencesKt__SequenceBuilderKt$sequence$$inlined$Sequence$1
androidx.fragment.app.FragmentManagerViewModel
androidx.customview.widget.ExploreByTouchHelper
androidx.annotation.CheckResult
io.flutter.embedding.engine.systemchannels.PlatformViewsChannel:
    private static final java.lang.String TAG
io.flutter.embedding.engine.systemchannels.PlatformChannel:
    private static final java.lang.String TAG
kotlin.Suppress
kotlin.collections.GroupingKt
androidx.core.graphics.drawable.WrappedDrawableApi21
androidx.lifecycle.LiveData$AlwaysActiveObserver
kotlin.internal.RequireKotlin
androidx.core.app.ActivityManagerCompat
androidx.core.app.NotificationCompat$Action
androidx.core.graphics.TypefaceCompatBaseImpl$1
io.flutter.embedding.android.FlutterEngineConfigurator
kotlin.coroutines.experimental.CoroutineContext$Element
io.flutter.plugin.common.MethodCall:
    public java.lang.Object argument(java.lang.String)
    public boolean hasArgument(java.lang.String)
kotlin.internal.PlatformImplementations$ReflectAddSuppressedMethod
androidx.core.text.TextDirectionHeuristicsCompat$TextDirectionHeuristicLocale
kotlin.coroutines.ContinuationKt
kotlin.collections.GroupingKt__GroupingJVMKt
androidx.fragment.app.FragmentManagerState$1
androidx.arch.core.internal.SafeIterableMap:
    public java.lang.Object putIfAbsent(java.lang.Object,java.lang.Object)
    protected androidx.arch.core.internal.SafeIterableMap$Entry put(java.lang.Object,java.lang.Object)
androidx.core.content.res.ConfigurationHelper
kotlin.internal.OnlyInputTypes
kotlin.collections.ArraysKt___ArraysKt$asIterable$$inlined$Iterable$4
androidx.core.view.accessibility.AccessibilityViewCommand$ScrollToPositionArguments
kotlin.coroutines.experimental.CombinedContext$toString$1
kotlin.coroutines.experimental.SafeContinuation
kotlin.jvm.internal.EnumCompanionObject
androidx.core.app.TaskStackBuilder$SupportParentable
androidx.viewpager.widget.ViewPager
org.intellij.lang.annotations.Identifier
kotlin.internal.jdk7.JDK7PlatformImplementations
androidx.core.app.NotificationCompat$CarExtender$UnreadConversation
kotlin.ranges.ULongProgression
androidx.customview.R$id
kotlin.reflect.KProperty$DefaultImpls
androidx.core.view.ViewCompat$FocusRelativeDirection
kotlin.collections.RingBuffer$iterator$1
androidx.core.app.FrameMetricsAggregator